(langchain) E:\git-project\Langchain-Learning>python online.py
C:\Users\Flynn\.conda\envs\langchain\Lib\site-packages\langsmith\client.py:272: LangSmithMissingAPIKeyWarning: API key must be provided when using hosted LangSmith API
  warnings.warn(
æ­£åœ¨æé—®: ä»Šå¤©ä¸Šæµ·çš„å¤©æ°”æ€ä¹ˆæ ·ï¼Ÿ


> Entering new AgentExecutor chain...

Thoughtï¼š ç”¨æˆ·è¯¢é—®çš„æ˜¯ä¸Šæµ·ä»Šå¤©çš„å¤©æ°”æƒ…å†µï¼Œè¿™æ˜¯ä¸€ä¸ªå®æ—¶æŸ¥è¯¢éœ€æ±‚ã€‚æˆ‘éœ€è¦é€šè¿‡æœç´¢å¼•æ“è·å–æœ€æ–°çš„å¤©æ°”ä¿¡æ¯ã€‚
Action: duckduckgo_search
Action Input: ä¸Šæµ·ä»Šå¤©å¤©æ°”æ€ä¹ˆæ ·C:\Users\Flynn\.conda\envs\langchain\Lib\site-packages\langchain_community\utilities\duckduckgo_search.py:63: RuntimeWarning: This package (`duckduckgo_search`) has been renamed to `ddgs`! Use `pip install ddgs` instead.
  with DDGS() as ddgs:
6 days ago Â· ä»Šå¤©é«˜æ¸©æ¶ˆé€€ï¼Œé¢„è®¡æœ€é«˜æ°”æ¸©åœ¨33â„ƒå·¦å³ã€‚ ååŒ—é£ï¼Œä¸‹åˆè½¬åä¸œé£ï¼Œé£åŠ›éƒ½æ˜¯3~4çº§ã€‚ ç›¸å¯¹æ¹¿åº¦è¾ƒå¤§ï¼Œåœ¨95%~70%ä¹‹é—´ï¼Œç™½å¤©ä½“æ„Ÿåæ½®æ¹¿é—·çƒ­ã€‚ ä¸Šæµ·é«˜æ¸©æš‚é€€. ä½†åˆè¦è¿ç»­åå¤© â€¦ 6 days ago Â· å‘¨æœ«å¤©æ°” ä»Šå¤©ä¸‹ç­æ—¶æ®µå’Œå¤œé‡Œï¼Œæœ¬å¸‚ä»æœ‰é˜µé›¨æˆ–é›·é›¨ï¼Œå±€éƒ¨å¤§é›¨ï¼Œå›å®¶è·¯ä¸Šæ³¨æ„é˜²èŒƒã€‚ åŒä¼‘æ—¥ä¸Šæµ·å¤„åœ¨ å‰¯çƒ­å¸¦é«˜å‹è¥¿å—ä¾§è¾¹ç¼˜ï¼Œå—ä¸œå—é£å½±å“ï¼Œä»¥å¤šäº‘åˆ°é˜´å¤©æ°”ä¸ºä¸»ï¼Œè“å¤©ã€ç™½ â€¦ May 17, 2025 Â· æ˜å¤©ä¸Šåˆå¤šäº‘åˆ°é˜´å±€éƒ¨çŸ­æ—¶é˜µé›¨ï¼Œé›¨åŠ¿æ€»ä½“è¾ƒå¼±ï¼Œå¯¹å‡ºè¡Œå½±å“ä¸å¤§ã€‚ ä¸­åˆèµ·è½¬å¤šäº‘å¤©æ°”ã€‚ åä¸œé£3-4çº§ï¼Œæ°”æ¸©è¾ƒä»Šå¤©æœ‰æ˜æ˜¾å›è½ï¼Œå…¨å¤©åœ¨20-26â„ƒä¹‹é—´ï¼Œç›¸å¯¹æ¹¿åº¦95%-45%ï¼Œé—· â€¦ Dec 6, 2024 Â· DAY1ï¼šä»Šå¤©å¤©æ°”æ€ä¹ˆæ ·ï¼Ÿä»Š å¤©æ˜¯é˜´å¤©ï¼Œæ°”æ¸©å¾ˆä½ã€‚æˆ‘å¸Œæœ›æ˜å¤©å¤©æ°”èƒ½æ”¾æ™´ã€‚ ä¿®æ­£ãƒã‚¤ãƒ³ãƒˆ: ä»Šå¤©å¤©æ°”æ€ä¹ˆæ ·ï¼Ÿ #æ—¥è¯­ - è¯´æ—¥è¯­çš„é»‘é…±äº20240915å‘å¸ƒåœ¨æŠ–éŸ³ï¼Œå·²ç»æ”¶è·äº†407.1ä¸‡ä¸ªå–œ æ¬¢ï¼Œæ¥æŠ–éŸ³ï¼Œè®°å½•ç¾å¥½ç”Ÿæ´»ï¼ğŸ¨ã€çˆ†ç«ã€‘æ—¥æœ¬çš„èŠ­è²ç”œç‚¹æˆå¤–å›½äººå¿ƒå¤´å¥½ è¿‘å¹´æ¥ï¼Œæ—¥æœ¬çš„â€œãƒ‘ãƒ•ã‚§â€ï¼ˆå†° â€¦Traceback (most recent call last):
  File "C:\Users\Flynn\.conda\envs\langchain\Lib\site-packages\langchain\agents\agent.py", line 1354, in _iter_next_step
    output = self._action_agent.plan(
             ^^^^^^^^^^^^^^^^^^^^^^^^
  File "C:\Users\Flynn\.conda\envs\langchain\Lib\site-packages\langchain\agents\agent.py", line 461, in plan
    for chunk in self.runnable.stream(inputs, config={"callbacks": callbacks}):
  File "C:\Users\Flynn\.conda\envs\langchain\Lib\site-packages\langchain_core\runnables\base.py", line 3437, in stream
    yield from self.transform(iter([input]), config, **kwargs)
  File "C:\Users\Flynn\.conda\envs\langchain\Lib\site-packages\langchain_core\runnables\base.py", line 3423, in transform
    yield from self._transform_stream_with_config(
  File "C:\Users\Flynn\.conda\envs\langchain\Lib\site-packages\langchain_core\runnables\base.py", line 2214, in _transform_stream_with_config
    chunk: Output = context.run(next, iterator)
                    ^^^^^^^^^^^^^^^^^^^^^^^^^^^
  File "C:\Users\Flynn\.conda\envs\langchain\Lib\site-packages\langchain_core\runnables\base.py", line 3385, in _transform
    yield from final_pipeline
  File "C:\Users\Flynn\.conda\envs\langchain\Lib\site-packages\langchain_core\runnables\base.py", line 1446, in transform
    yield from self.stream(final, config, **kwargs)
  File "C:\Users\Flynn\.conda\envs\langchain\Lib\site-packages\langchain_core\runnables\base.py", line 1014, in stream
    yield self.invoke(input, config, **kwargs)
          ^^^^^^^^^^^^^^^^^^^^^^^^^^^^^^^^^^^^
  File "C:\Users\Flynn\.conda\envs\langchain\Lib\site-packages\langchain_core\output_parsers\base.py", line 196, in invoke
    return self._call_with_config(
           ^^^^^^^^^^^^^^^^^^^^^^^
  File "C:\Users\Flynn\.conda\envs\langchain\Lib\site-packages\langchain_core\runnables\base.py", line 1939, in _call_with_config
    context.run(
  File "C:\Users\Flynn\.conda\envs\langchain\Lib\site-packages\langchain_core\runnables\config.py", line 429, in call_func_with_variable_args
    return func(input, **kwargs)  # type: ignore[call-arg]
           ^^^^^^^^^^^^^^^^^^^^^
  File "C:\Users\Flynn\.conda\envs\langchain\Lib\site-packages\langchain_core\output_parsers\base.py", line 197, in <lambda>
    lambda inner_input: self.parse_result(
                        ^^^^^^^^^^^^^^^^^^
  File "C:\Users\Flynn\.conda\envs\langchain\Lib\site-packages\langchain_core\output_parsers\base.py", line 250, in parse_result
    return self.parse(result[0].text)
           ^^^^^^^^^^^^^^^^^^^^^^^^^^
  File "C:\Users\Flynn\.conda\envs\langchain\Lib\site-packages\langchain\agents\output_parsers\react_single_input.py", line 75, in parse  
    raise OutputParserException(
langchain_core.exceptions.OutputParserException: Could not parse LLM output: `
ä»Šå¤©ä¸Šæµ·çš„å¤©æ°”æƒ…å†µå¦‚ä¸‹ï¼š

- **å¤©æ°”çŠ¶å†µ**ï¼šé¢„è®¡ä»Šå¤©ä¸‹ç­æ—¶æ®µå’Œå¤œé‡Œï¼Œä¸Šæµ·ä»æœ‰é˜µé›¨æˆ–é›·é›¨ï¼Œå±€éƒ¨å¤§é›¨ã€‚ç™½å¤©ä»¥å¤šäº‘åˆ°é˜´å¤©ä¸ºä¸»ã€‚
- **æ°”æ¸©**ï¼šæœ€é«˜æ°”æ¸©åœ¨33â„ƒå·¦å³ï¼Œä½“æ„Ÿæ½®æ¹¿é—·çƒ­ã€‚
- **é£åŠ›**ï¼šååŒ—é£ï¼Œä¸‹åˆè½¬åä¸œé£ï¼Œé£åŠ›3~4çº§ã€‚
- **æ¹¿åº¦**ï¼šç›¸å¯¹æ¹¿åº¦åœ¨95%~70%ä¹‹é—´ï¼Œæ¹¿åº¦è¾ƒé«˜ã€‚

å»ºè®®å‡ºè¡Œæ—¶æºå¸¦é›¨å…·ï¼Œæ³¨æ„é˜²èŒƒé›·é›¨å¤©æ°”ã€‚`
For troubleshooting, visit: https://python.langchain.com/docs/troubleshooting/errors/OUTPUT_PARSING_FAILURE

During handling of the above exception, another exception occurred:

Traceback (most recent call last):
  File "E:\git-project\Langchain-Learning\online.py", line 33, in <module>
    agent_executor.invoke({"input": question})
  File "C:\Users\Flynn\.conda\envs\langchain\Lib\site-packages\langchain\chains\base.py", line 167, in invoke
    raise e
  File "C:\Users\Flynn\.conda\envs\langchain\Lib\site-packages\langchain\chains\base.py", line 157, in invoke
    self._call(inputs, run_manager=run_manager)
  File "C:\Users\Flynn\.conda\envs\langchain\Lib\site-packages\langchain\agents\agent.py", line 1620, in _call
    next_step_output = self._take_next_step(
                       ^^^^^^^^^^^^^^^^^^^^^
  File "C:\Users\Flynn\.conda\envs\langchain\Lib\site-packages\langchain\agents\agent.py", line 1326, in _take_next_step
    [
  File "C:\Users\Flynn\.conda\envs\langchain\Lib\site-packages\langchain\agents\agent.py", line 1326, in <listcomp>
    [
  File "C:\Users\Flynn\.conda\envs\langchain\Lib\site-packages\langchain\agents\agent.py", line 1365, in _iter_next_step
    raise ValueError(
ValueError: An output parsing error occurred. In order to pass this error back to the agent and have it try again, pass `handle_parsing_errors=True` to the AgentExecutor. This is the error: Could not parse LLM output: `
ä»Šå¤©ä¸Šæµ·çš„å¤©æ°”æƒ…å†µå¦‚ä¸‹ï¼š

- **å¤©æ°”çŠ¶å†µ**ï¼šé¢„è®¡ä»Šå¤©ä¸‹ç­æ—¶æ®µå’Œå¤œé‡Œï¼Œä¸Šæµ·ä»æœ‰é˜µé›¨æˆ–é›·é›¨ï¼Œå±€éƒ¨å¤§é›¨ã€‚ç™½å¤©ä»¥å¤šäº‘åˆ°é˜´å¤©ä¸ºä¸»ã€‚
- **æ°”æ¸©**ï¼šæœ€é«˜æ°”æ¸©åœ¨33â„ƒå·¦å³ï¼Œä½“æ„Ÿæ½®æ¹¿é—·çƒ­ã€‚
- **é£åŠ›**ï¼šååŒ—é£ï¼Œä¸‹åˆè½¬åä¸œé£ï¼Œé£åŠ›3~4çº§ã€‚
- **æ¹¿åº¦**ï¼šç›¸å¯¹æ¹¿åº¦åœ¨95%~70%ä¹‹é—´ï¼Œæ¹¿åº¦è¾ƒé«˜ã€‚

å»ºè®®å‡ºè¡Œæ—¶æºå¸¦é›¨å…·ï¼Œæ³¨æ„é˜²èŒƒé›·é›¨å¤©æ°”ã€‚`
For troubleshooting, visit: https://python.langchain.com/docs/troubleshooting/errors/OUTPUT_PARSING_FAILURE